2025-04-12T04:07:32.964Z GET /
2025-04-12T04:07:33.023Z GET /app.js
2025-04-12T04:07:34.348Z GET /stats
2025-04-12T04:07:34.358Z GET /app.js
2025-04-12T04:07:34.374Z GET /api/orders-stats
2025-04-12T04:07:34.374Z GET /api/product-sales
2025-04-12T04:07:34.375Z GET /api/user-stats
2025-04-12T04:07:36.326Z GET /visit-stats
2025-04-12T04:07:36.370Z GET /api/visit-stats
2025-04-12T04:09:16.211Z GET /app.js
2025-04-12T04:09:16.546Z GET /home
2025-04-12T04:09:16.557Z GET /app.js
2025-04-12T04:09:17.376Z GET /catalog?
2025-04-12T04:09:17.426Z GET /app.js
2025-04-12T04:09:17.438Z GET /api/categories
2025-04-12T04:09:17.439Z GET /api/products?search=&sort=none&category=
2025-04-12T04:09:17.441Z GET /get-cart
2025-04-12T04:09:18.329Z GET /api/products?search=&sort=none&category=
2025-04-12T04:09:19.018Z GET /checkout
2025-04-12T04:09:19.027Z GET /app.js
2025-04-12T04:09:19.033Z GET /api/profile
2025-04-12T04:09:19.861Z GET /app.js
2025-04-12T04:09:20.251Z GET /profile
2025-04-12T04:09:20.896Z GET /login
2025-04-12T04:09:20.947Z GET /app.js
2025-04-12T04:09:21.305Z GET /orders
2025-04-12T04:09:21.314Z GET /app.js
2025-04-12T04:09:21.319Z GET /api/orders
2025-04-12T04:09:21.980Z GET /login
2025-04-12T04:09:22.023Z GET /app.js
2025-04-12T04:09:22.467Z GET /catalog
2025-04-12T04:09:22.476Z GET /app.js
2025-04-12T04:09:22.484Z GET /api/categories
2025-04-12T04:09:22.484Z GET /api/products?search=&sort=none&category=
2025-04-12T04:09:22.485Z GET /get-cart
2025-04-12T04:09:23.429Z GET /stats
2025-04-12T04:09:23.438Z GET /app.js
2025-04-12T04:09:23.444Z GET /api/orders-stats
2025-04-12T04:09:23.445Z GET /api/product-sales
2025-04-12T04:09:23.446Z GET /api/user-stats
2025-04-12T04:09:30.185Z GET /visit-stats
2025-04-12T04:09:30.283Z GET /api/visit-stats
2025-04-12T04:09:39.409Z GET /
2025-04-12T04:09:39.537Z GET /
2025-04-12T04:09:39.578Z GET /app.js
2025-04-12T04:09:39.621Z GET /app.js
2025-04-12T04:09:40.542Z GET /stats
2025-04-12T04:09:40.556Z GET /app.js
2025-04-12T04:09:40.567Z GET /api/orders-stats
2025-04-12T04:09:40.568Z GET /api/product-sales
2025-04-12T04:09:40.568Z GET /api/user-stats
2025-04-12T04:09:41.883Z GET /visit-stats
2025-04-12T04:09:41.928Z GET /api/visit-stats
