2025-04-12T03:59:27.335Z GET /
2025-04-12T03:59:27.389Z GET /app.js
2025-04-12T03:59:28.638Z GET /stats
2025-04-12T03:59:28.649Z GET /app.js
2025-04-12T03:59:28.659Z GET /api/orders-stats
2025-04-12T03:59:28.661Z GET /api/product-sales
2025-04-12T03:59:28.662Z GET /api/user-stats
2025-04-12T04:00:15.314Z GET /
2025-04-12T04:00:15.420Z GET /app.js
2025-04-12T04:00:16.481Z GET /stats
2025-04-12T04:00:16.492Z GET /app.js
2025-04-12T04:00:16.506Z GET /api/orders-stats
2025-04-12T04:00:16.507Z GET /api/product-sales
2025-04-12T04:00:16.507Z GET /api/user-stats
2025-04-12T04:00:18.162Z GET /visit-stats
2025-04-12T04:00:37.495Z GET /
2025-04-12T04:00:37.562Z GET /app.js
2025-04-12T04:00:38.473Z GET /stats
2025-04-12T04:00:38.492Z GET /app.js
2025-04-12T04:00:38.507Z GET /api/orders-stats
2025-04-12T04:00:38.510Z GET /api/product-sales
2025-04-12T04:00:38.511Z GET /api/user-stats
2025-04-12T04:00:39.837Z GET /public/visit-stats
2025-04-12T04:01:16.468Z GET /
2025-04-12T04:01:16.525Z GET /app.js
2025-04-12T04:01:17.422Z GET /stats
2025-04-12T04:01:17.435Z GET /app.js
2025-04-12T04:01:17.453Z GET /api/orders-stats
2025-04-12T04:01:17.454Z GET /api/product-sales
2025-04-12T04:01:17.456Z GET /api/user-stats
2025-04-12T04:01:18.907Z GET /visit-stats
2025-04-12T04:01:18.946Z GET /app.js
2025-04-12T04:01:18.952Z GET /api/profile
2025-04-12T04:01:24.706Z GET /app.js
2025-04-12T04:01:25.672Z GET /stats
2025-04-12T04:01:25.681Z GET /app.js
2025-04-12T04:01:25.689Z GET /api/orders-stats
2025-04-12T04:01:25.689Z GET /api/product-sales
2025-04-12T04:01:25.690Z GET /api/user-stats
2025-04-12T04:01:27.232Z GET /visit-stats
2025-04-12T04:01:27.277Z GET /app.js
2025-04-12T04:01:27.305Z GET /api/profile
2025-04-12T04:01:39.891Z GET /
2025-04-12T04:01:39.950Z GET /app.js
2025-04-12T04:01:41.065Z GET /stats
2025-04-12T04:01:41.076Z GET /app.js
2025-04-12T04:01:41.084Z GET /api/orders-stats
2025-04-12T04:01:41.086Z GET /api/product-sales
2025-04-12T04:01:41.086Z GET /api/user-stats
2025-04-12T04:01:42.593Z GET /visit-stats
2025-04-12T04:02:28.265Z GET /
2025-04-12T04:02:28.319Z GET /app.js
2025-04-12T04:02:29.773Z GET /stats
2025-04-12T04:02:29.792Z GET /app.js
2025-04-12T04:02:29.805Z GET /api/orders-stats
2025-04-12T04:02:29.806Z GET /api/product-sales
2025-04-12T04:02:29.808Z GET /api/user-stats
2025-04-12T04:02:30.977Z GET /visit-stats
2025-04-12T04:02:31.021Z GET /api/visit-stats
2025-04-12T04:02:37.473Z GET /home
2025-04-12T04:02:37.485Z GET /app.js
2025-04-12T04:02:38.190Z GET /catalog?
2025-04-12T04:02:38.231Z GET /app.js
2025-04-12T04:02:38.241Z GET /api/categories
2025-04-12T04:02:38.242Z GET /api/products?search=&sort=none&category=
2025-04-12T04:02:38.252Z GET /get-cart
2025-04-12T04:02:39.266Z GET /cart
2025-04-12T04:02:39.275Z GET /app.js
2025-04-12T04:02:39.282Z GET /get-cart
2025-04-12T04:02:41.005Z GET /checkout
2025-04-12T04:02:41.014Z GET /app.js
2025-04-12T04:02:41.019Z GET /api/profile
2025-04-12T04:02:41.816Z GET /app.js
2025-04-12T04:02:42.648Z GET /stats
2025-04-12T04:02:42.659Z GET /app.js
2025-04-12T04:02:42.667Z GET /api/orders-stats
2025-04-12T04:02:42.670Z GET /api/user-stats
2025-04-12T04:02:42.671Z GET /api/product-sales
2025-04-12T04:02:43.958Z GET /visit-stats
2025-04-12T04:02:43.998Z GET /api/visit-stats
2025-04-12T04:04:04.728Z GET /
2025-04-12T04:04:04.802Z GET /app.js
2025-04-12T04:04:05.498Z GET /stats
2025-04-12T04:04:05.510Z GET /app.js
2025-04-12T04:04:05.520Z GET /api/orders-stats
2025-04-12T04:04:05.521Z GET /api/product-sales
2025-04-12T04:04:05.522Z GET /api/user-stats
2025-04-12T04:04:06.832Z GET /visit-stats
2025-04-12T04:04:06.874Z GET /api/visit-stats
2025-04-12T04:04:14.705Z GET /
2025-04-12T04:04:14.776Z GET /app.js
2025-04-12T04:04:16.188Z GET /stats
2025-04-12T04:04:16.211Z GET /app.js
2025-04-12T04:04:16.229Z GET /api/orders-stats
2025-04-12T04:04:16.230Z GET /api/product-sales
2025-04-12T04:04:16.231Z GET /api/user-stats
2025-04-12T04:04:17.844Z GET /visit-stats
2025-04-12T04:04:17.889Z GET /api/visit-stats
2025-04-12T04:04:50.072Z GET /
2025-04-12T04:04:50.132Z GET /app.js
2025-04-12T04:04:50.849Z GET /stats
2025-04-12T04:04:50.861Z GET /app.js
2025-04-12T04:04:50.871Z GET /api/orders-stats
2025-04-12T04:04:50.873Z GET /api/product-sales
2025-04-12T04:04:50.874Z GET /api/user-stats
2025-04-12T04:04:52.287Z GET /visit-stats
2025-04-12T04:04:52.336Z GET /api/visit-stats
2025-04-12T04:05:05.638Z GET /
2025-04-12T04:05:05.705Z GET /app.js
2025-04-12T04:05:06.779Z GET /stats
2025-04-12T04:05:06.789Z GET /app.js
2025-04-12T04:05:06.806Z GET /api/orders-stats
2025-04-12T04:05:06.807Z GET /api/product-sales
2025-04-12T04:05:06.808Z GET /api/user-stats
2025-04-12T04:05:07.987Z GET /visit-stats
2025-04-12T04:05:08.068Z GET /api/visit-stats
2025-04-12T04:07:06.589Z GET /
2025-04-12T04:07:06.656Z GET /app.js
2025-04-12T04:07:07.353Z GET /stats
2025-04-12T04:07:07.366Z GET /app.js
2025-04-12T04:07:07.381Z GET /api/orders-stats
2025-04-12T04:07:07.382Z GET /api/product-sales
2025-04-12T04:07:07.383Z GET /api/user-stats
2025-04-12T04:07:08.639Z GET /visit-stats
2025-04-12T04:07:08.681Z GET /api/visit-stats
2025-04-12T04:12:09.351Z GET /
2025-04-12T04:12:09.418Z GET /app.js
2025-04-12T04:12:12.055Z GET /profile
2025-04-12T04:12:12.923Z GET /login
2025-04-12T04:12:12.969Z GET /app.js
2025-04-12T04:12:13.534Z GET /cart
2025-04-12T04:12:13.547Z GET /app.js
2025-04-12T04:12:13.554Z GET /get-cart
2025-04-12T04:12:14.310Z GET /catalog
2025-04-12T04:12:14.320Z GET /app.js
2025-04-12T04:12:14.329Z GET /api/products?search=&sort=none&category=
2025-04-12T04:12:14.332Z GET /api/categories
2025-04-12T04:12:14.332Z GET /get-cart
2025-04-12T04:12:14.853Z GET /catalog
2025-04-12T04:12:14.860Z GET /app.js
2025-04-12T04:12:14.868Z GET /api/categories
2025-04-12T04:12:14.869Z GET /api/products?search=&sort=none&category=
2025-04-12T04:12:14.877Z GET /get-cart
2025-04-12T04:12:15.212Z GET /home
2025-04-12T04:12:15.220Z GET /app.js
2025-04-12T04:12:15.361Z GET /home
2025-04-12T04:12:15.370Z GET /app.js
2025-04-12T04:12:15.723Z GET /catalog
2025-04-12T04:12:15.730Z GET /app.js
2025-04-12T04:12:15.737Z GET /api/categories
2025-04-12T04:12:15.737Z GET /api/products?search=&sort=none&category=
2025-04-12T04:12:15.743Z GET /get-cart
2025-04-12T04:12:15.883Z GET /catalog
2025-04-12T04:12:15.891Z GET /app.js
2025-04-12T04:12:15.897Z GET /api/categories
2025-04-12T04:12:15.897Z GET /api/products?search=&sort=none&category=
2025-04-12T04:12:15.904Z GET /get-cart
2025-04-12T04:12:16.194Z GET /cart
2025-04-12T04:12:16.201Z GET /app.js
2025-04-12T04:12:16.205Z GET /get-cart
2025-04-12T04:12:16.449Z GET /catalog
2025-04-12T04:12:16.456Z GET /app.js
2025-04-12T04:12:16.463Z GET /api/categories
2025-04-12T04:12:16.463Z GET /api/products?search=&sort=none&category=
2025-04-12T04:12:16.464Z GET /get-cart
2025-04-12T04:12:16.603Z GET /catalog
2025-04-12T04:12:16.610Z GET /app.js
2025-04-12T04:12:16.615Z GET /api/categories
2025-04-12T04:12:16.618Z GET /api/products?search=&sort=none&category=
2025-04-12T04:12:16.623Z GET /get-cart
2025-04-12T04:12:17.377Z GET /stats
2025-04-12T04:12:17.386Z GET /app.js
2025-04-12T04:12:17.396Z GET /api/orders-stats
2025-04-12T04:12:17.396Z GET /api/product-sales
2025-04-12T04:12:17.398Z GET /api/user-stats
2025-04-12T04:12:19.290Z GET /visit-stats
2025-04-12T04:12:19.336Z GET /api/visit-stats
2025-04-12T04:15:35.758Z GET /catalog
2025-04-12T04:15:35.769Z GET /app.js
2025-04-12T04:15:35.779Z GET /api/categories
2025-04-12T04:15:35.780Z GET /api/products?search=&sort=none&category=
2025-04-12T04:15:35.785Z GET /get-cart
2025-04-12T04:15:36.386Z GET /product/2
2025-04-12T04:15:36.419Z GET /app.js
2025-04-12T04:15:37.408Z GET /catalog
2025-04-12T04:15:37.470Z GET /app.js
2025-04-12T04:15:37.486Z GET /api/categories
2025-04-12T04:15:37.489Z GET /api/products?search=&sort=none&category=
2025-04-12T04:15:37.490Z GET /get-cart
2025-04-12T04:15:37.959Z GET /product/1
2025-04-12T04:15:38.002Z GET /app.js
2025-04-12T04:15:38.773Z GET /catalog
2025-04-12T04:15:38.843Z GET /app.js
2025-04-12T04:15:38.867Z GET /api/categories
2025-04-12T04:15:38.870Z GET /api/products?search=&sort=none&category=
2025-04-12T04:15:38.875Z GET /get-cart
2025-04-12T04:15:39.365Z GET /product/3
2025-04-12T04:15:39.413Z GET /app.js
2025-04-12T04:15:39.896Z GET /catalog
2025-04-12T04:15:39.957Z GET /app.js
2025-04-12T04:15:39.974Z GET /api/categories
2025-04-12T04:15:39.976Z GET /api/products?search=&sort=none&category=
2025-04-12T04:15:39.977Z GET /get-cart
2025-04-12T04:15:40.380Z GET /product/2
2025-04-12T04:15:40.429Z GET /app.js
2025-04-12T04:15:40.884Z GET /catalog
2025-04-12T04:15:40.953Z GET /app.js
2025-04-12T04:15:40.972Z GET /api/categories
2025-04-12T04:15:40.974Z GET /api/products?search=&sort=none&category=
2025-04-12T04:15:40.975Z GET /get-cart
2025-04-12T04:15:41.356Z GET /product/3
2025-04-12T04:15:41.417Z GET /app.js
2025-04-12T04:15:41.880Z GET /catalog
2025-04-12T04:15:41.959Z GET /app.js
2025-04-12T04:15:42.004Z GET /api/categories
2025-04-12T04:15:42.013Z GET /api/products?search=&sort=none&category=
2025-04-12T04:15:42.015Z GET /get-cart
2025-04-12T04:15:42.372Z GET /product/3
2025-04-12T04:15:42.424Z GET /app.js
2025-04-12T04:15:42.920Z GET /catalog
2025-04-12T04:15:43.009Z GET /app.js
2025-04-12T04:15:43.028Z GET /api/categories
2025-04-12T04:15:43.028Z GET /api/products?search=&sort=none&category=
2025-04-12T04:15:43.033Z GET /get-cart
2025-04-12T04:15:43.406Z GET /product/3
2025-04-12T04:15:43.460Z GET /app.js
2025-04-12T04:15:43.891Z GET /catalog
2025-04-12T04:15:43.962Z GET /app.js
2025-04-12T04:15:43.980Z GET /api/categories
2025-04-12T04:15:43.981Z GET /api/products?search=&sort=none&category=
2025-04-12T04:15:43.987Z GET /get-cart
2025-04-12T04:15:45.639Z GET /stats
2025-04-12T04:15:45.649Z GET /app.js
2025-04-12T04:15:45.663Z GET /api/orders-stats
2025-04-12T04:15:45.665Z GET /api/product-sales
2025-04-12T04:15:45.666Z GET /api/user-stats
2025-04-12T04:15:47.122Z GET /visit-stats
2025-04-12T04:15:47.193Z GET /api/visit-stats
2025-04-12T04:15:58.936Z GET /login?
2025-04-12T04:15:58.978Z GET /app.js
2025-04-12T04:16:05.359Z POST /login
2025-04-12T04:16:05.366Z GET /profile
2025-04-12T04:16:06.126Z GET /profile
2025-04-12T04:16:06.133Z GET /app.js
2025-04-12T04:16:06.155Z GET /api/profile
2025-04-12T04:16:06.163Z GET /api/profile-orders
2025-04-12T04:16:08.896Z GET /orders
2025-04-12T04:16:08.904Z GET /app.js
2025-04-12T04:16:08.910Z GET /api/orders
2025-04-12T04:16:09.499Z GET /order-details/2
2025-04-12T04:16:11.192Z GET /order-details/1
2025-04-12T04:16:12.807Z GET /orders
2025-04-12T04:16:12.814Z GET /app.js
2025-04-12T04:16:12.819Z GET /api/orders
2025-04-12T04:16:13.296Z GET /order-details/1
2025-04-12T04:16:14.688Z GET /stats
2025-04-12T04:16:14.697Z GET /app.js
2025-04-12T04:16:14.710Z GET /api/orders-stats
2025-04-12T04:16:14.712Z GET /api/product-sales
2025-04-12T04:16:14.713Z GET /api/user-stats
2025-04-12T04:16:16.033Z GET /visit-stats
2025-04-12T04:16:16.070Z GET /api/visit-stats
2025-04-12T04:18:06.984Z GET /
2025-04-12T04:18:07.078Z GET /app.js
2025-04-12T04:18:08.040Z GET /stats
2025-04-12T04:18:08.050Z GET /app.js
2025-04-12T04:18:08.058Z GET /api/orders-stats
2025-04-12T04:18:08.059Z GET /api/product-sales
2025-04-12T04:18:08.059Z GET /api/user-stats
2025-04-12T04:18:09.516Z GET /visit-stats
2025-04-12T04:18:09.566Z GET /api/visit-stats
2025-04-12T04:19:18.426Z GET /
2025-04-12T04:19:18.504Z GET /app.js
2025-04-12T04:19:19.254Z GET /stats
2025-04-12T04:19:19.265Z GET /app.js
2025-04-12T04:19:19.284Z GET /api/orders-stats
2025-04-12T04:19:19.284Z GET /api/product-sales
2025-04-12T04:19:19.285Z GET /api/user-stats
2025-04-12T04:19:20.740Z GET /visit-stats
2025-04-12T04:19:20.797Z GET /api/visit-stats
2025-04-12T04:19:56.048Z GET /
2025-04-12T04:19:56.116Z GET /app.js
2025-04-12T04:19:56.901Z GET /stats
2025-04-12T04:19:56.912Z GET /app.js
2025-04-12T04:19:56.930Z GET /api/orders-stats
2025-04-12T04:19:56.931Z GET /api/product-sales
2025-04-12T04:19:56.932Z GET /api/user-stats
2025-04-12T04:19:58.124Z GET /visit-stats
2025-04-12T04:19:58.168Z GET /api/visit-stats
2025-04-12T04:21:58.729Z GET /
2025-04-12T04:21:58.792Z GET /app.js
2025-04-12T04:22:00.405Z GET /stats
2025-04-12T04:22:00.419Z GET /app.js
2025-04-12T04:22:00.438Z GET /api/orders-stats
2025-04-12T04:22:00.439Z GET /api/product-sales
2025-04-12T04:22:00.440Z GET /api/user-stats
2025-04-12T04:22:01.753Z GET /visit-stats
2025-04-12T04:22:01.799Z GET /api/visit-stats
2025-04-12T04:25:04.284Z GET /home
2025-04-12T04:25:04.292Z GET /app.js
2025-04-12T04:25:04.840Z GET /catalog
2025-04-12T04:25:04.848Z GET /app.js
2025-04-12T04:25:04.856Z GET /api/categories
2025-04-12T04:25:04.858Z GET /api/products?search=&sort=none&category=
2025-04-12T04:25:04.867Z GET /get-cart
2025-04-12T04:25:06.204Z GET /product/1
2025-04-12T04:25:06.247Z GET /app.js
2025-04-12T04:27:25.141Z GET /
2025-04-12T04:27:25.220Z GET /app.js
2025-04-12T04:27:26.662Z GET /stats
2025-04-12T04:27:26.675Z GET /app.js
2025-04-12T04:27:26.696Z GET /api/orders-stats
2025-04-12T04:27:26.699Z GET /api/product-sales
2025-04-12T04:27:26.699Z GET /api/user-stats
2025-04-12T04:27:29.695Z GET /visit-stats
2025-04-12T04:27:29.743Z GET /app.js
2025-04-12T04:27:29.747Z GET /api/visit-stats
2025-04-12T04:27:31.429Z GET /visit-stats
2025-04-12T04:27:31.459Z GET /app.js
2025-04-12T04:27:31.464Z GET /api/visit-stats
2025-04-12T04:27:50.831Z GET /
2025-04-12T04:27:50.907Z GET /app.js
2025-04-12T04:27:51.985Z GET /stats
2025-04-12T04:27:51.995Z GET /app.js
2025-04-12T04:27:52.003Z GET /api/orders-stats
2025-04-12T04:27:52.004Z GET /api/product-sales
2025-04-12T04:27:52.004Z GET /api/user-stats
2025-04-12T04:27:53.234Z GET /visit-stats
2025-04-12T04:27:53.288Z GET /app.js
2025-04-12T04:27:53.296Z GET /api/visit-stats
2025-04-12T04:28:41.161Z GET /
2025-04-12T04:28:41.212Z GET /app.js
2025-04-12T04:28:42.297Z GET /stats
2025-04-12T04:28:42.311Z GET /app.js
2025-04-12T04:28:42.320Z GET /api/orders-stats
2025-04-12T04:28:42.321Z GET /api/product-sales
2025-04-12T04:28:42.323Z GET /api/user-stats
2025-04-12T04:28:43.829Z GET /visit-stats
2025-04-12T04:28:43.877Z GET /app.js
2025-04-12T04:28:43.881Z GET /api/visit-stats
2025-04-12T04:28:56.859Z GET /
2025-04-12T04:28:56.920Z GET /app.js
2025-04-12T04:28:58.123Z GET /stats
2025-04-12T04:28:58.135Z GET /app.js
2025-04-12T04:28:58.143Z GET /api/orders-stats
2025-04-12T04:28:58.146Z GET /api/product-sales
2025-04-12T04:28:58.148Z GET /api/user-stats
2025-04-12T04:29:00.696Z GET /visit-stats
2025-04-12T04:29:00.741Z GET /app.js
2025-04-12T04:29:00.747Z GET /api/visit-stats
2025-04-12T04:29:04.250Z GET /cart
2025-04-12T04:29:04.258Z GET /app.js
2025-04-12T04:29:04.262Z GET /get-cart
2025-04-12T04:29:05.164Z GET /home
2025-04-12T04:29:05.172Z GET /app.js
2025-04-12T04:29:05.474Z GET /catalog
2025-04-12T04:29:05.482Z GET /app.js
2025-04-12T04:29:05.490Z GET /api/categories
2025-04-12T04:29:05.491Z GET /api/products?search=&sort=none&category=
2025-04-12T04:29:05.500Z GET /get-cart
2025-04-12T04:29:05.982Z GET /stats
2025-04-12T04:29:05.990Z GET /app.js
2025-04-12T04:29:05.998Z GET /api/orders-stats
2025-04-12T04:29:05.998Z GET /api/product-sales
2025-04-12T04:29:05.999Z GET /api/user-stats
2025-04-12T04:29:07.328Z GET /visit-stats
2025-04-12T04:29:07.361Z GET /app.js
2025-04-12T04:29:07.366Z GET /api/visit-stats
2025-04-12T04:29:12.284Z GET /profile
2025-04-12T04:29:13.122Z GET /login
2025-04-12T04:29:13.153Z GET /app.js
2025-04-12T04:29:15.353Z GET /register
2025-04-12T04:29:15.394Z GET /app.js
2025-04-12T04:29:49.619Z POST /register
2025-04-12T04:30:06.915Z POST /register
2025-04-12T04:30:34.861Z GET /home
2025-04-12T04:30:34.871Z GET /app.js
2025-04-12T04:30:35.636Z GET /login?
2025-04-12T04:30:35.677Z GET /app.js
2025-04-12T04:30:39.493Z POST /login
2025-04-12T04:30:39.501Z GET /profile
2025-04-12T04:30:40.770Z GET /profile
2025-04-12T04:30:40.781Z GET /app.js
2025-04-12T04:30:40.790Z GET /api/profile
2025-04-12T04:30:40.796Z GET /api/profile-orders
2025-04-12T04:30:43.356Z GET /home
2025-04-12T04:30:43.364Z GET /app.js
2025-04-12T04:30:44.313Z GET /login?
2025-04-12T04:30:44.349Z GET /app.js
2025-04-12T04:30:45.686Z GET /register
2025-04-12T04:30:45.714Z GET /app.js
2025-04-12T04:31:31.883Z POST /register
2025-04-12T04:33:08.608Z GET /
2025-04-12T04:33:08.685Z GET /app.js
2025-04-12T04:33:09.874Z GET /login?
2025-04-12T04:33:09.915Z GET /app.js
2025-04-12T04:33:11.532Z GET /register
2025-04-12T04:33:11.579Z GET /app.js
2025-04-12T04:33:28.039Z POST /register
2025-04-12T04:34:06.869Z GET /
2025-04-12T04:34:06.940Z GET /app.js
2025-04-12T04:34:33.892Z GET /
2025-04-12T04:34:33.968Z GET /app.js
2025-04-12T04:34:35.020Z GET /login?
2025-04-12T04:34:35.063Z GET /app.js
2025-04-12T04:34:43.868Z GET /
2025-04-12T04:34:43.948Z GET /app.js
2025-04-12T04:34:45.062Z GET /login?
2025-04-12T04:34:45.104Z GET /app.js
2025-04-12T04:34:46.429Z GET /register
2025-04-12T04:34:46.466Z GET /app.js
2025-04-12T04:35:13.347Z POST /register
2025-04-12T04:35:13.358Z GET /login
2025-04-12T04:35:14.446Z GET /form.html
2025-04-12T04:35:58.121Z GET /
2025-04-12T04:35:58.184Z GET /app.js
2025-04-12T04:35:59.928Z GET /login?
2025-04-12T04:35:59.974Z GET /app.js
2025-04-12T04:36:00.711Z GET /register
2025-04-12T04:36:00.750Z GET /app.js
2025-04-12T04:36:22.945Z POST /register
2025-04-12T04:36:22.955Z GET /login
2025-04-12T04:36:23.862Z GET /login
2025-04-12T04:36:40.832Z GET /
2025-04-12T04:36:40.925Z GET /app.js
2025-04-12T04:36:41.861Z GET /login?
2025-04-12T04:36:41.920Z GET /app.js
2025-04-12T04:36:47.059Z GET /register
2025-04-12T04:36:47.108Z GET /app.js
2025-04-12T04:37:05.371Z POST /register
2025-04-12T04:37:13.308Z POST /register
2025-04-12T04:37:13.314Z GET /login
2025-04-12T04:37:14.533Z GET /app.js
2025-04-12T04:37:17.715Z GET /checkout
2025-04-12T04:37:17.724Z GET /app.js
2025-04-12T04:37:17.727Z GET /api/profile
2025-04-12T04:37:18.708Z GET /app.js
2025-04-12T04:38:54.199Z GET /
2025-04-12T04:38:54.280Z GET /app.js
2025-04-12T04:38:55.055Z GET /stats
2025-04-12T04:38:55.068Z GET /app.js
2025-04-12T04:38:55.085Z GET /api/orders-stats
2025-04-12T04:38:55.086Z GET /api/product-sales
2025-04-12T04:38:55.087Z GET /api/user-stats
2025-04-12T04:39:06.211Z GET /visit-stats
2025-04-12T04:39:06.264Z GET /app.js
2025-04-12T04:39:06.269Z GET /api/visit-stats
2025-04-12T04:41:32.405Z GET /
2025-04-12T04:41:32.473Z GET /app.js
2025-04-12T04:41:33.646Z GET /stats
2025-04-12T04:41:33.659Z GET /app.js
2025-04-12T04:41:33.670Z GET /api/orders-stats
2025-04-12T04:41:33.672Z GET /api/product-sales
2025-04-12T04:41:33.674Z GET /api/user-stats
2025-04-12T04:41:34.905Z GET /visit-stats
2025-04-12T04:41:34.965Z GET /app.js
2025-04-12T04:41:34.975Z GET /api/visit-stats
2025-04-12T04:41:36.100Z GET /app.js
2025-04-12T04:41:36.111Z GET /api/orders-stats
2025-04-12T04:41:36.126Z GET /api/product-sales
2025-04-12T04:41:36.126Z GET /api/user-stats
2025-04-12T04:41:38.134Z GET /visit-stats
2025-04-12T04:41:38.177Z GET /app.js
2025-04-12T04:41:38.187Z GET /api/visit-stats
2025-04-12T04:41:39.230Z GET /orders
2025-04-12T04:41:39.239Z GET /app.js
2025-04-12T04:41:39.245Z GET /api/orders
2025-04-12T04:41:40.146Z GET /login
2025-04-12T04:41:40.197Z GET /app.js
2025-04-12T04:41:41.004Z GET /stats
2025-04-12T04:41:41.014Z GET /app.js
2025-04-12T04:41:41.019Z GET /api/orders-stats
2025-04-12T04:41:41.020Z GET /api/product-sales
2025-04-12T04:41:41.021Z GET /api/user-stats
2025-04-12T04:41:42.535Z GET /visit-stats
2025-04-12T04:41:42.578Z GET /app.js
2025-04-12T04:41:42.585Z GET /api/visit-stats
2025-04-12T04:49:20.684Z GET /
2025-04-12T04:49:20.755Z GET /app.js
2025-04-12T04:49:20.838Z GET /api/session-info
2025-04-12T04:49:21.595Z GET /login?
2025-04-12T04:49:21.631Z GET /app.js
2025-04-12T04:49:21.639Z GET /api/session-info
2025-04-12T04:49:25.954Z POST /login
2025-04-12T04:49:25.963Z GET /profile
2025-04-12T04:49:26.918Z GET /profile
2025-04-12T04:49:26.927Z GET /app.js
2025-04-12T04:49:26.947Z GET /api/session-info
2025-04-12T04:49:26.948Z GET /api/profile
2025-04-12T04:49:26.959Z GET /api/profile-orders
2025-04-12T04:49:28.000Z GET /home
2025-04-12T04:49:28.008Z GET /app.js
2025-04-12T04:49:28.012Z GET /api/session-info
2025-04-12T04:49:33.078Z GET /catalog?
2025-04-12T04:49:33.118Z GET /app.js
2025-04-12T04:49:33.152Z GET /api/categories
2025-04-12T04:49:33.154Z GET /api/products?search=&sort=none&category=
2025-04-12T04:49:33.160Z GET /api/session-info
2025-04-12T04:49:33.169Z GET /get-cart
2025-04-12T04:49:34.027Z GET /home
2025-04-12T04:49:34.035Z GET /app.js
2025-04-12T04:49:34.039Z GET /api/session-info
2025-04-12T04:51:51.508Z GET /
2025-04-12T04:51:51.569Z GET /app.js
2025-04-12T04:51:51.673Z GET /api/session-info
2025-04-12T04:51:52.435Z GET /login?
2025-04-12T04:51:52.476Z GET /app.js
2025-04-12T04:51:52.482Z GET /api/session-info
2025-04-12T04:51:54.644Z POST /login
2025-04-12T04:51:54.653Z GET /profile
2025-04-12T04:51:55.507Z GET /profile
2025-04-12T04:51:55.515Z GET /app.js
2025-04-12T04:51:55.534Z GET /api/session-info
2025-04-12T04:51:55.534Z GET /api/profile
2025-04-12T04:51:55.543Z GET /api/profile-orders
2025-04-12T04:51:57.283Z GET /home
2025-04-12T04:51:57.291Z GET /app.js
2025-04-12T04:51:57.297Z GET /api/session-info
2025-04-12T04:52:00.024Z GET /home
2025-04-12T04:52:00.030Z GET /app.js
2025-04-12T04:52:00.034Z GET /api/session-info
2025-04-12T04:52:00.630Z GET /login?
2025-04-12T04:52:00.666Z GET /app.js
2025-04-12T04:52:00.690Z GET /api/session-info
2025-04-12T04:52:02.934Z POST /login
2025-04-12T04:52:02.939Z GET /profile
2025-04-12T04:52:04.150Z GET /profile
2025-04-12T04:52:04.160Z GET /app.js
2025-04-12T04:52:04.170Z GET /api/session-info
2025-04-12T04:52:04.171Z GET /api/profile
2025-04-12T04:52:04.176Z GET /api/profile-orders
2025-04-12T04:52:05.298Z GET /cart
2025-04-12T04:52:05.307Z GET /app.js
2025-04-12T04:52:05.314Z GET /api/session-info
2025-04-12T04:52:05.314Z GET /get-cart
2025-04-12T04:52:05.967Z GET /catalog
2025-04-12T04:52:05.976Z GET /app.js
2025-04-12T04:52:05.983Z GET /api/categories
2025-04-12T04:52:05.985Z GET /api/products?search=&sort=none&category=
2025-04-12T04:52:05.991Z GET /api/session-info
2025-04-12T04:52:05.992Z GET /get-cart
2025-04-12T04:52:06.416Z GET /home
2025-04-12T04:52:06.423Z GET /app.js
2025-04-12T04:52:06.427Z GET /api/session-info
2025-04-12T04:52:29.615Z GET /login?
2025-04-12T04:52:29.646Z GET /app.js
2025-04-12T04:52:29.662Z GET /api/session-info
2025-04-12T04:52:31.658Z GET /home
2025-04-12T04:52:31.666Z GET /app.js
2025-04-12T04:52:31.671Z GET /api/session-info
2025-04-12T04:52:32.300Z GET /login?
2025-04-12T04:52:32.326Z GET /app.js
2025-04-12T04:52:32.353Z GET /api/session-info
2025-04-12T04:52:55.817Z GET /
2025-04-12T04:52:55.864Z GET /app.js
2025-04-12T04:52:55.978Z GET /api/session-info
2025-04-12T04:52:56.529Z GET /login?
2025-04-12T04:52:56.574Z GET /app.js
2025-04-12T04:52:56.588Z GET /api/session-info
2025-04-12T04:53:02.674Z POST /login
2025-04-12T04:53:02.683Z GET /profile
2025-04-12T04:53:03.375Z GET /profile
2025-04-12T04:53:03.385Z GET /app.js
2025-04-12T04:53:03.405Z GET /api/session-info
2025-04-12T04:53:03.406Z GET /api/profile
2025-04-12T04:53:03.414Z GET /api/profile-orders
2025-04-12T04:53:04.245Z GET /cart
2025-04-12T04:53:04.253Z GET /app.js
2025-04-12T04:53:04.258Z GET /api/session-info
2025-04-12T04:53:04.259Z GET /get-cart
2025-04-12T04:53:04.956Z GET /home
2025-04-12T04:53:04.963Z GET /app.js
2025-04-12T04:53:04.968Z GET /api/session-info
2025-04-12T04:53:07.870Z GET /profile
2025-04-12T04:53:07.876Z GET /app.js
2025-04-12T04:53:07.884Z GET /api/session-info
2025-04-12T04:53:07.885Z GET /api/profile
2025-04-12T04:53:07.889Z GET /api/profile-orders
2025-04-12T04:53:08.951Z GET /logout
2025-04-12T04:53:10.137Z GET /
2025-04-12T04:53:10.190Z GET /app.js
2025-04-12T04:53:10.217Z GET /api/session-info
2025-04-12T04:53:16.526Z GET /catalog
2025-04-12T04:53:16.535Z GET /app.js
2025-04-12T04:53:16.543Z GET /api/categories
2025-04-12T04:53:16.544Z GET /api/products?search=&sort=none&category=
2025-04-12T04:53:16.545Z GET /api/session-info
2025-04-12T04:53:16.553Z GET /get-cart
2025-04-12T04:53:17.853Z GET /cart
2025-04-12T04:53:17.860Z GET /app.js
2025-04-12T04:53:17.866Z GET /api/session-info
2025-04-12T04:53:17.867Z GET /get-cart
2025-04-12T04:53:18.390Z GET /checkout
2025-04-12T04:53:18.399Z GET /app.js
2025-04-12T04:53:18.404Z GET /api/session-info
2025-04-12T04:53:18.405Z GET /api/profile
2025-04-12T04:53:19.463Z GET /app.js
2025-04-12T04:53:19.477Z GET /api/session-info
2025-04-12T04:53:20.113Z GET /profile
2025-04-12T04:53:21.084Z GET /login
2025-04-12T04:53:21.125Z GET /app.js
2025-04-12T04:53:21.138Z GET /api/session-info
2025-04-12T04:53:22.287Z GET /home
2025-04-12T04:53:22.296Z GET /app.js
2025-04-12T04:53:22.300Z GET /api/session-info
2025-04-12T04:53:34.777Z GET /catalog
2025-04-12T04:53:34.785Z GET /app.js
2025-04-12T04:53:34.792Z GET /api/categories
2025-04-12T04:53:34.792Z GET /api/products?search=&sort=none&category=
2025-04-12T04:53:34.798Z GET /api/session-info
2025-04-12T04:53:34.799Z GET /get-cart
2025-04-12T04:53:37.510Z GET /stats
2025-04-12T04:53:37.520Z GET /app.js
2025-04-12T04:53:37.528Z GET /api/session-info
2025-04-12T04:53:37.528Z GET /api/orders-stats
2025-04-12T04:53:37.529Z GET /api/product-sales
2025-04-12T04:53:37.529Z GET /api/user-stats
2025-04-12T04:53:38.434Z GET /orders
2025-04-12T04:53:38.442Z GET /app.js
2025-04-12T04:53:38.448Z GET /api/session-info
2025-04-12T04:53:38.449Z GET /api/orders
2025-04-12T04:53:39.611Z GET /login
2025-04-12T04:53:39.643Z GET /app.js
2025-04-12T04:53:39.663Z GET /api/session-info
2025-04-12T04:53:40.353Z GET /stats
2025-04-12T04:53:40.361Z GET /app.js
2025-04-12T04:53:40.369Z GET /api/session-info
2025-04-12T04:53:40.369Z GET /api/orders-stats
2025-04-12T04:53:40.370Z GET /api/product-sales
2025-04-12T04:53:40.371Z GET /api/user-stats
2025-04-12T04:56:58.232Z GET /
2025-04-12T04:56:58.283Z GET /app.js
2025-04-12T04:56:58.380Z GET /api/session-info
2025-04-12T04:57:13.893Z GET /
2025-04-12T04:57:13.954Z GET /app.js
2025-04-12T04:57:14.041Z GET /api/session-info
2025-04-12T04:57:26.752Z GET /privacy-policy
2025-04-12T04:57:51.313Z GET /
2025-04-12T04:57:51.347Z GET /app.js
2025-04-12T04:57:51.366Z GET /api/session-info
2025-04-12T04:57:56.020Z GET /
2025-04-12T04:57:56.077Z GET /app.js
2025-04-12T04:57:56.170Z GET /api/session-info
2025-04-12T04:59:47.599Z GET /
2025-04-12T04:59:47.654Z GET /app.js
2025-04-12T04:59:47.758Z GET /api/session-info
2025-04-12T04:59:53.361Z GET /
2025-04-12T04:59:53.397Z GET /app.js
2025-04-12T04:59:53.423Z GET /api/session-info
2025-04-12T05:01:12.030Z GET /
2025-04-12T05:01:12.094Z GET /app.js
2025-04-12T05:01:12.202Z GET /api/session-info
2025-04-12T05:01:15.654Z GET /privacy-policy
2025-04-12T05:01:52.417Z GET /
2025-04-12T05:01:52.472Z GET /app.js
2025-04-12T05:01:52.579Z GET /api/session-info
2025-04-12T05:01:54.023Z GET /privacy-policy
2025-04-12T05:02:20.385Z GET /
2025-04-12T05:02:20.430Z GET /app.js
2025-04-12T05:02:20.440Z GET /api/session-info
2025-04-12T05:02:21.942Z GET /public/privacy-policy
2025-04-12T05:02:50.532Z GET /
2025-04-12T05:02:50.597Z GET /app.js
2025-04-12T05:02:50.695Z GET /api/session-info
2025-04-12T05:02:52.135Z GET /public/privacy-policy
2025-04-12T05:02:59.606Z GET /
2025-04-12T05:02:59.677Z GET /app.js
2025-04-12T05:02:59.761Z GET /api/session-info
2025-04-12T05:03:01.103Z GET /privacy-policy
2025-04-12T05:03:18.619Z GET /
2025-04-12T05:03:18.678Z GET /app.js
2025-04-12T05:03:18.778Z GET /api/session-info
2025-04-12T05:03:20.453Z GET /privacy-policy
2025-04-12T05:08:25.836Z GET /
2025-04-12T05:08:25.932Z GET /app.js
2025-04-12T05:08:25.998Z GET /api/session-info
2025-04-12T05:08:28.065Z GET /stats
2025-04-12T05:08:28.076Z GET /app.js
2025-04-12T05:08:28.091Z GET /api/session-info
2025-04-12T05:08:28.092Z GET /api/orders-stats
2025-04-12T05:08:28.093Z GET /api/product-sales
2025-04-12T05:08:28.094Z GET /api/user-stats
2025-04-12T05:11:31.465Z GET /
2025-04-12T05:11:31.562Z GET /main_style.css
2025-04-12T05:11:31.567Z GET /app.js
2025-04-12T05:11:31.652Z GET /api/session-info
2025-04-12T05:12:13.756Z GET /
2025-04-12T05:12:13.814Z GET /styles/style.css
2025-04-12T05:12:13.820Z GET /app.js
2025-04-12T05:12:13.915Z GET /api/session-info
2025-04-12T05:12:26.860Z GET /
2025-04-12T05:12:26.914Z GET /app.js
2025-04-12T05:12:27.005Z GET /api/session-info
2025-04-12T05:14:16.566Z GET /
2025-04-12T05:14:16.641Z GET /app.js
2025-04-12T05:14:16.713Z GET /api/session-info
2025-04-12T05:14:18.148Z GET /privacy-policy
2025-04-12T05:14:22.476Z GET /login?
2025-04-12T05:14:22.523Z GET /app.js
2025-04-12T05:14:22.543Z GET /api/session-info
2025-04-12T05:14:25.747Z GET /catalog
2025-04-12T05:14:25.755Z GET /app.js
2025-04-12T05:14:25.765Z GET /api/categories
2025-04-12T05:14:25.766Z GET /api/products?search=&sort=none&category=
2025-04-12T05:14:25.769Z GET /api/session-info
2025-04-12T05:14:25.775Z GET /get-cart
2025-04-12T05:14:29.209Z GET /api/products?search=&sort=none&category=%D0%9C%D0%B0%D0%BA%D0%B0%D1%80%D0%BE%D0%BD%D1%8B%2C%D0%9A%D1%80%D1%83%D0%BF%D1%8B%20%D0%B8%20%D0%9C%D1%83%D0%BA%D0%B0
2025-04-12T05:14:31.191Z GET /api/products?search=&sort=none&category=
2025-04-12T05:14:31.793Z GET /api/products?search=&sort=none&category=
2025-04-12T05:14:33.641Z GET /api/products?search=&sort=price-desc&category=
2025-04-12T05:14:35.431Z GET /api/products?search=&sort=none&category=
2025-04-12T05:14:37.868Z POST /add-to-cart
2025-04-12T05:14:39.551Z GET /cart
2025-04-12T05:14:39.559Z GET /app.js
2025-04-12T05:14:39.565Z GET /api/session-info
2025-04-12T05:14:39.566Z GET /get-cart
2025-04-12T05:14:42.337Z GET /api/check-auth
2025-04-12T05:14:43.232Z GET /login
2025-04-12T05:14:43.277Z GET /app.js
2025-04-12T05:14:43.305Z GET /api/session-info
2025-04-12T05:14:47.746Z POST /login
2025-04-12T05:14:51.305Z POST /login
2025-04-12T05:14:51.310Z GET /profile
2025-04-12T05:14:52.198Z GET /profile
2025-04-12T05:14:52.205Z GET /app.js
2025-04-12T05:14:52.221Z GET /api/session-info
2025-04-12T05:14:52.222Z GET /api/profile
2025-04-12T05:14:52.232Z GET /api/profile-orders
2025-04-12T05:14:56.076Z GET /profile
2025-04-12T05:14:56.084Z GET /app.js
2025-04-12T05:14:56.095Z GET /api/session-info
2025-04-12T05:14:56.096Z GET /api/profile
2025-04-12T05:14:56.100Z GET /api/profile-orders
2025-04-12T05:14:56.951Z GET /orders
2025-04-12T05:14:56.959Z GET /app.js
2025-04-12T05:14:56.971Z GET /api/session-info
2025-04-12T05:14:56.972Z GET /api/orders
2025-04-12T05:14:58.304Z GET /order-details/2
2025-04-12T05:14:58.347Z GET /order-details/styles/style.css
2025-04-12T05:14:58.350Z GET /order-details/styles/order_details_style.css
2025-04-12T05:14:58.382Z GET /api/session-info
2025-04-12T05:15:55.564Z GET /
2025-04-12T05:15:55.651Z GET /app.js
2025-04-12T05:15:55.728Z GET /api/session-info
2025-04-12T05:15:57.451Z GET /catalog
2025-04-12T05:15:57.463Z GET /app.js
2025-04-12T05:15:57.479Z GET /api/categories
2025-04-12T05:15:57.480Z GET /api/products?search=&sort=none&category=
2025-04-12T05:15:57.483Z GET /api/session-info
2025-04-12T05:15:57.483Z GET /get-cart
2025-04-12T05:15:58.017Z GET /product/2
2025-04-12T05:15:58.069Z GET /app.js
2025-04-12T05:15:58.099Z GET /api/session-info
2025-04-12T05:15:59.347Z GET /catalog
2025-04-12T05:15:59.381Z GET /app.js
2025-04-12T05:15:59.390Z GET /api/categories
2025-04-12T05:15:59.391Z GET /api/products?search=&sort=none&category=
2025-04-12T05:15:59.397Z GET /api/session-info
2025-04-12T05:15:59.397Z GET /get-cart
2025-04-12T05:16:00.909Z GET /orders
2025-04-12T05:16:00.918Z GET /app.js
2025-04-12T05:16:00.924Z GET /api/session-info
2025-04-12T05:16:00.925Z GET /api/orders
2025-04-12T05:16:01.851Z GET /login
2025-04-12T05:16:01.898Z GET /app.js
2025-04-12T05:16:01.908Z GET /api/session-info
2025-04-12T05:16:06.532Z POST /login
2025-04-12T05:16:06.539Z GET /profile
2025-04-12T05:16:07.445Z GET /profile
2025-04-12T05:16:07.452Z GET /app.js
2025-04-12T05:16:07.470Z GET /api/profile
2025-04-12T05:16:07.471Z GET /api/session-info
2025-04-12T05:16:07.482Z GET /api/profile-orders
2025-04-12T05:16:08.996Z GET /orders
2025-04-12T05:16:09.003Z GET /app.js
2025-04-12T05:16:09.007Z GET /api/session-info
2025-04-12T05:16:09.007Z GET /api/orders
2025-04-12T05:16:09.601Z GET /order-details/2
2025-04-12T05:16:09.677Z GET /api/session-info
2025-04-12T05:16:12.912Z GET /stats
2025-04-12T05:16:12.923Z GET /order-details/styles/style.css
2025-04-12T05:16:12.924Z GET /order-details/styles/stats_style.css
2025-04-12T05:16:12.927Z GET /order-details/app.js
2025-04-12T05:16:12.936Z GET /api/session-info
2025-04-12T05:16:12.938Z GET /api/orders-stats
2025-04-12T05:16:12.939Z GET /api/product-sales
2025-04-12T05:16:12.940Z GET /api/user-stats
2025-04-12T05:16:53.279Z GET /
2025-04-12T05:16:53.344Z GET /app.js
2025-04-12T05:16:53.459Z GET /api/session-info
2025-04-12T05:16:55.242Z GET /stats
2025-04-12T05:16:55.255Z GET /app.js
2025-04-12T05:16:55.264Z GET /api/session-info
2025-04-12T05:16:55.265Z GET /api/orders-stats
2025-04-12T05:16:55.266Z GET /api/product-sales
2025-04-12T05:16:55.267Z GET /api/user-stats
2025-04-12T05:16:57.397Z GET /visit-stats
2025-04-12T05:16:57.453Z GET /app.js
2025-04-12T05:16:57.458Z GET /api/visit-stats
2025-04-12T05:16:57.474Z GET /api/session-info
2025-04-12T05:16:59.307Z GET /cart
2025-04-12T05:16:59.321Z GET /app.js
2025-04-12T05:16:59.327Z GET /api/session-info
2025-04-12T05:16:59.329Z GET /get-cart
2025-04-12T05:17:00.225Z GET /catalog
2025-04-12T05:17:00.238Z GET /app.js
2025-04-12T05:17:00.250Z GET /api/categories
2025-04-12T05:17:00.251Z GET /api/products?search=&sort=none&category=
2025-04-12T05:17:00.260Z GET /api/session-info
2025-04-12T05:17:00.261Z GET /get-cart
2025-04-12T05:17:00.599Z GET /checkout
2025-04-12T05:17:00.609Z GET /app.js
2025-04-12T05:17:00.616Z GET /api/session-info
2025-04-12T05:17:00.617Z GET /api/profile
2025-04-12T05:17:01.902Z GET /app.js
2025-04-12T05:17:01.906Z GET /api/session-info
2025-04-12T05:17:02.352Z GET /profile
2025-04-12T05:17:03.322Z GET /login
2025-04-12T05:17:03.376Z GET /app.js
2025-04-12T05:17:03.385Z GET /api/session-info
2025-04-12T05:17:03.663Z GET /orders
2025-04-12T05:17:03.673Z GET /app.js
2025-04-12T05:17:03.681Z GET /api/session-info
2025-04-12T05:17:03.681Z GET /api/orders
2025-04-12T05:17:04.777Z GET /login
2025-04-12T05:17:04.805Z GET /app.js
2025-04-12T05:17:04.815Z GET /api/session-info
2025-04-12T05:17:05.198Z GET /stats
2025-04-12T05:17:05.209Z GET /app.js
2025-04-12T05:17:05.217Z GET /api/session-info
2025-04-12T05:17:05.219Z GET /api/orders-stats
2025-04-12T05:17:05.219Z GET /api/product-sales
2025-04-12T05:17:05.220Z GET /api/user-stats
2025-04-12T05:17:07.777Z GET /visit-stats
2025-04-12T05:17:07.811Z GET /app.js
2025-04-12T05:17:07.831Z GET /api/visit-stats
2025-04-12T05:17:07.839Z GET /api/session-info
2025-04-12T05:17:08.827Z GET /home
2025-04-12T05:17:08.835Z GET /app.js
2025-04-12T05:17:08.842Z GET /api/session-info
2025-04-12T07:08:56.352Z GET /
2025-04-12T07:08:56.436Z GET /app.js
2025-04-12T07:08:56.545Z GET /api/session-info
2025-04-12T07:08:58.260Z GET /catalog
2025-04-12T07:08:58.271Z GET /app.js
2025-04-12T07:08:58.287Z GET /api/categories
2025-04-12T07:08:58.287Z GET /api/products?search=&sort=none&category=
2025-04-12T07:08:58.291Z GET /api/session-info
2025-04-12T07:08:58.292Z GET /get-cart
2025-04-12T07:08:59.862Z GET /home
2025-04-12T07:08:59.870Z GET /app.js
2025-04-12T07:08:59.875Z GET /api/session-info
